d:\visual studio 2017\projects\gfmengine\bin\objfiles\win32\debug\glgraphiccommandhandler.obj
d:\visual studio 2017\projects\gfmengine\bin\objfiles\win32\debug\stringmember.obj
d:\visual studio 2017\projects\gfmengine\bin\objfiles\win32\debug\graphiccommandhandler.obj
d:\visual studio 2017\projects\gfmengine\bin\objfiles\win32\debug\circle.obj
d:\visual studio 2017\projects\gfmengine\bin\objfiles\win32\debug\constants.obj
d:\visual studio 2017\projects\gfmengine\bin\objfiles\win32\debug\memoryallocator.obj
d:\visual studio 2017\projects\gfmengine\bin\objfiles\win32\debug\vector2d.obj
d:\visual studio 2017\projects\gfmengine\bin\objfiles\win32\debug\vector4d.obj
d:\visual studio 2017\projects\gfmengine\bin\objfiles\win32\debug\glerrorhandler.obj
d:\visual studio 2017\projects\gfmengine\bin\objfiles\win32\debug\objectcontainer.obj
d:\visual studio 2017\projects\gfmengine\bin\objfiles\win32\debug\stringvarargwrapper.obj
d:\visual studio 2017\projects\gfmengine\bin\objfiles\win32\debug\graphicapi.obj
d:\visual studio 2017\projects\gfmengine\bin\objfiles\win32\debug\graphicobjectfactory.obj
d:\visual studio 2017\projects\gfmengine\bin\objfiles\win32\debug\unixchangecoutcolor.obj
d:\visual studio 2017\projects\gfmengine\bin\objfiles\win32\debug\matrix3x3.obj
d:\visual studio 2017\projects\gfmengine\bin\objfiles\win32\debug\context.obj
d:\visual studio 2017\projects\gfmengine\bin\objfiles\win32\debug\string.obj
d:\visual studio 2017\projects\gfmengine\bin\objfiles\win32\debug\glpipeline.obj
d:\visual studio 2017\projects\gfmengine\bin\objfiles\win32\debug\irenderer2d.obj
d:\visual studio 2017\projects\gfmengine\bin\objfiles\win32\debug\abstractrangebased.obj
d:\visual studio 2017\projects\gfmengine\bin\objfiles\win32\debug\date.obj
d:\visual studio 2017\projects\gfmengine\bin\objfiles\win32\debug\getfilefrompath.obj
d:\visual studio 2017\projects\gfmengine\bin\objfiles\win32\debug\circlerenderer.obj
d:\visual studio 2017\projects\gfmengine\bin\objfiles\win32\debug\errorhandler.obj
d:\visual studio 2017\projects\gfmengine\bin\objfiles\win32\debug\stringformatvararg.obj
d:\visual studio 2017\projects\gfmengine\bin\objfiles\win32\debug\buffer.obj
d:\visual studio 2017\projects\gfmengine\bin\objfiles\win32\debug\vertexattribute.obj
d:\visual studio 2017\projects\gfmengine\bin\objfiles\win32\debug\window.obj
d:\visual studio 2017\projects\gfmengine\bin\objfiles\win32\debug\matrix2x2.obj
d:\visual studio 2017\projects\gfmengine\bin\objfiles\win32\debug\application.obj
d:\visual studio 2017\projects\gfmengine\bin\objfiles\win32\debug\glpipelinelayout.obj
d:\visual studio 2017\projects\gfmengine\bin\objfiles\win32\debug\pipelinemanager.obj
d:\visual studio 2017\projects\gfmengine\bin\objfiles\win32\debug\main.obj
d:\visual studio 2017\projects\gfmengine\bin\objfiles\win32\debug\vector3d.obj
d:\visual studio 2017\projects\gfmengine\bin\objfiles\win32\debug\cstringhelper.obj
d:\visual studio 2017\projects\gfmengine\bin\objfiles\win32\debug\stringctor.obj
d:\visual studio 2017\projects\gfmengine\bin\objfiles\win32\debug\gluniformbuffer.obj
d:\visual studio 2017\projects\gfmengine\bin\objfiles\win32\debug\rectanglerenderer.obj
d:\visual studio 2017\projects\gfmengine\bin\objfiles\win32\debug\fileopenmode.obj
d:\visual studio 2017\projects\gfmengine\bin\objfiles\win32\debug\filestream.obj
d:\visual studio 2017\projects\gfmengine\bin\objfiles\win32\debug\readalllines.obj
d:\visual studio 2017\projects\gfmengine\bin\objfiles\win32\debug\glindexbuffer.obj
d:\visual studio 2017\projects\gfmengine\bin\objfiles\win32\debug\glvertexbuffer.obj
d:\visual studio 2017\projects\gfmengine\bin\objfiles\win32\debug\keyboard.obj
d:\visual studio 2017\projects\gfmengine\bin\objfiles\win32\debug\mouse.obj
d:\visual studio 2017\projects\gfmengine\bin\objfiles\win32\debug\glwindow.obj
d:\visual studio 2017\projects\gfmengine\bin\objfiles\win32\debug\matrix4x4.obj
d:\visual studio 2017\projects\gfmengine\bin\objfiles\win32\debug\glcontext.obj
d:\visual studio 2017\projects\gfmengine\bin\objfiles\win32\debug\stringvarargmaxlen.obj
d:\visual studio 2017\projects\gfmengine\bin\objfiles\win32\debug\glbuffer.obj
d:\visual studio 2017\projects\gfmengine\bin\objfiles\win32\debug\irenderer.obj
d:\visual studio 2017\projects\gfmengine\bin\objfiles\win32\debug\winchangecoutcolor.obj
d:\visual studio 2017\projects\gfmengine\bin\objfiles\win32\debug\logger.obj
d:\visual studio 2017\projects\gfmengine\bin\objfiles\win32\debug\vc141.pdb
d:\visual studio 2017\projects\gfmengine\bin\objfiles\win32\debug\glshader.obj
d:\visual studio 2017\projects\gfmengine\bin\objfiles\win32\debug\rectangle.obj
d:\gfmengine\bin\objfiles\win32\debug\errorhandler.obj
d:\gfmengine\bin\objfiles\win32\debug\stringformatvararg.obj
d:\gfmengine\bin\objfiles\win32\debug\buffer.obj
d:\gfmengine\bin\objfiles\win32\debug\graphiccommandhandler.obj
d:\gfmengine\bin\objfiles\win32\debug\pipelinemanager.obj
d:\gfmengine\bin\objfiles\win32\debug\main.obj
d:\gfmengine\bin\objfiles\win32\debug\vector3d.obj
d:\gfmengine\bin\objfiles\win32\debug\glcontext.obj
d:\gfmengine\bin\objfiles\win32\debug\stringmember.obj
d:\gfmengine\bin\objfiles\win32\debug\graphicobjectfactory.obj
d:\gfmengine\bin\objfiles\win32\debug\memoryallocator.obj
d:\gfmengine\bin\objfiles\win32\debug\vector2d.obj
d:\gfmengine\bin\objfiles\win32\debug\vector4d.obj
d:\gfmengine\bin\objfiles\win32\debug\context.obj
d:\gfmengine\bin\objfiles\win32\debug\string.obj
d:\gfmengine\bin\objfiles\win32\debug\glpipeline.obj
d:\gfmengine\bin\objfiles\win32\debug\irenderer2d.obj
d:\gfmengine\bin\objfiles\win32\debug\abstractrangebased.obj
d:\gfmengine\bin\objfiles\win32\debug\date.obj
d:\gfmengine\bin\objfiles\win32\debug\logger.obj
d:\gfmengine\bin\objfiles\win32\debug\glerrorhandler.obj
d:\gfmengine\bin\objfiles\win32\debug\stringvarargmaxlen.obj
d:\gfmengine\bin\objfiles\win32\debug\glbuffer.obj
d:\gfmengine\bin\objfiles\win32\debug\irenderer.obj
d:\gfmengine\bin\objfiles\win32\debug\winchangecoutcolor.obj
d:\gfmengine\bin\objfiles\win32\debug\getfilefrompath.obj
d:\gfmengine\bin\objfiles\win32\debug\circlerenderer.obj
d:\gfmengine\bin\objfiles\win32\debug\application.obj
d:\gfmengine\bin\objfiles\win32\debug\glpipelinelayout.obj
d:\gfmengine\bin\objfiles\win32\debug\circle.obj
d:\gfmengine\bin\objfiles\win32\debug\constants.obj
d:\gfmengine\bin\objfiles\win32\debug\unixchangecoutcolor.obj
d:\gfmengine\bin\objfiles\win32\debug\matrix3x3.obj
d:\gfmengine\bin\objfiles\win32\debug\glindexbuffer.obj
d:\gfmengine\bin\objfiles\win32\debug\glvertexbuffer.obj
d:\gfmengine\bin\objfiles\win32\debug\keyboard.obj
d:\gfmengine\bin\objfiles\win32\debug\mouse.obj
d:\gfmengine\bin\objfiles\win32\debug\glwindow.obj
d:\gfmengine\bin\objfiles\win32\debug\matrix4x4.obj
d:\gfmengine\bin\objfiles\win32\debug\glgraphiccommandhandler.obj
d:\gfmengine\bin\objfiles\win32\debug\objectcontainer.obj
d:\gfmengine\bin\objfiles\win32\debug\stringvarargwrapper.obj
d:\gfmengine\bin\objfiles\win32\debug\graphicapi.obj
d:\gfmengine\bin\objfiles\win32\debug\vertexattribute.obj
d:\gfmengine\bin\objfiles\win32\debug\window.obj
d:\gfmengine\bin\objfiles\win32\debug\matrix2x2.obj
d:\gfmengine\bin\objfiles\win32\debug\cstringhelper.obj
d:\gfmengine\bin\objfiles\win32\debug\stringctor.obj
d:\gfmengine\bin\objfiles\win32\debug\gluniformbuffer.obj
d:\gfmengine\bin\objfiles\win32\debug\rectanglerenderer.obj
d:\gfmengine\bin\objfiles\win32\debug\fileopenmode.obj
d:\gfmengine\bin\objfiles\win32\debug\filestream.obj
d:\gfmengine\bin\objfiles\win32\debug\readalllines.obj
d:\gfmengine\bin\objfiles\win32\debug\vc141.pdb
d:\gfmengine\bin\objfiles\win32\debug\glshader.obj
d:\gfmengine\bin\objfiles\win32\debug\rectangle.obj
d:\visual studio 2017\projects\gfmengine\bin\win32\debug)\gfmengine.ilk
d:\visual studio 2017\projects\gfmengine\bin\win32\debug)\gfmengine.exe
d:\visual studio 2017\projects\gfmengine\bin\win32\debug)\gfmengine.pdb
d:\gfmengine\bin\win32\debug)\gfmengine.exe
d:\gfmengine\bin\win32\debug)\gfmengine.ilk
d:\gfmengine\bin\win32\debug)\gfmengine.pdb
d:\gfmengine\bin\objfiles\win32\debug\vc141.idb
d:\gfmengine\bin\objfiles\win32\debug\gfmengine.tlog\cl.command.1.tlog
d:\gfmengine\bin\objfiles\win32\debug\gfmengine.tlog\cl.read.1.tlog
d:\gfmengine\bin\objfiles\win32\debug\gfmengine.tlog\cl.write.1.tlog
d:\gfmengine\bin\objfiles\win32\debug\gfmengine.tlog\link.command.1.tlog
d:\gfmengine\bin\objfiles\win32\debug\gfmengine.tlog\link.read.1.tlog
d:\gfmengine\bin\objfiles\win32\debug\gfmengine.tlog\link.write.1.tlog
