c:\users\gerald\documents\visual studio 2017\projects\copyglproject\bin\intermediates\win32\debug\vc141.pdb
c:\users\gerald\documents\visual studio 2017\projects\copyglproject\bin\intermediates\win32\debug\vc141.idb
c:\users\gerald\documents\visual studio 2017\projects\copyglproject\bin\intermediates\win32\debug\src\gpuapi\gl\glcontext.obj
c:\users\gerald\documents\visual studio 2017\projects\copyglproject\bin\intermediates\win32\debug\src\gpuapi\gl\glindexbuffer.obj
c:\users\gerald\documents\visual studio 2017\projects\copyglproject\bin\intermediates\win32\debug\src\gpuapi\gl\glbuffer.obj
c:\users\gerald\documents\visual studio 2017\projects\copyglproject\bin\intermediates\win32\debug\src\gpuapi\gl\glpipeline.obj
c:\users\gerald\documents\visual studio 2017\projects\copyglproject\bin\intermediates\win32\debug\src\gpuapi\gl\glpipelinelayout.obj
c:\users\gerald\documents\visual studio 2017\projects\copyglproject\bin\intermediates\win32\debug\src\gpuapi\gl\glvertexbuffer.obj
c:\users\gerald\documents\visual studio 2017\projects\copyglproject\bin\intermediates\win32\debug\src\application.obj
c:\users\gerald\documents\visual studio 2017\projects\copyglproject\bin\intermediates\win32\debug\src\main.obj
c:\users\gerald\documents\visual studio 2017\projects\copyglproject\bin\intermediates\win32\debug\src\datastructures\detail\string\cstringhelper.obj
c:\users\gerald\documents\visual studio 2017\projects\copyglproject\bin\intermediates\win32\debug\src\datastructures\detail\string\string.obj
c:\users\gerald\documents\visual studio 2017\projects\copyglproject\bin\intermediates\win32\debug\src\datastructures\detail\string\stringctor.obj
c:\users\gerald\documents\visual studio 2017\projects\copyglproject\bin\intermediates\win32\debug\src\datastructures\detail\string\stringformatvararg.obj
c:\users\gerald\documents\visual studio 2017\projects\copyglproject\bin\intermediates\win32\debug\src\datastructures\detail\string\stringmember.obj
c:\users\gerald\documents\visual studio 2017\projects\copyglproject\bin\intermediates\win32\debug\src\datastructures\detail\string\stringvarargmaxlen.obj
c:\users\gerald\documents\visual studio 2017\projects\copyglproject\bin\intermediates\win32\debug\src\datastructures\detail\string\stringvarargwrapper.obj
c:\users\gerald\documents\visual studio 2017\projects\copyglproject\bin\intermediates\win32\debug\src\datastructures\detail\list\objectcontainer.obj
c:\users\gerald\documents\visual studio 2017\projects\copyglproject\bin\intermediates\win32\debug\src\gpuapi\gl\glshader.obj
c:\users\gerald\documents\visual studio 2017\projects\copyglproject\bin\intermediates\win32\debug\src\gpuapi\buffer.obj
c:\users\gerald\documents\visual studio 2017\projects\copyglproject\bin\intermediates\win32\debug\src\gpuapi\vertexattribute.obj
c:\users\gerald\documents\visual studio 2017\projects\copyglproject\bin\intermediates\win32\debug\src\gpuapi\graphicobjectfactory.obj
c:\users\gerald\documents\visual studio 2017\projects\copyglproject\bin\intermediates\win32\debug\src\gpuapi\pipelinemanager.obj
c:\users\gerald\documents\visual studio 2017\projects\copyglproject\bin\intermediates\win32\debug\src\input\keyboard.obj
c:\users\gerald\documents\visual studio 2017\projects\copyglproject\bin\intermediates\win32\debug\src\input\mouse.obj
c:\users\gerald\documents\visual studio 2017\projects\copyglproject\bin\intermediates\win32\debug\src\input\window.obj
c:\users\gerald\documents\visual studio 2017\projects\copyglproject\bin\intermediates\win32\debug\src\math\mathconst.obj
c:\users\gerald\documents\visual studio 2017\projects\copyglproject\bin\intermediates\win32\debug\src\memory\memoryallocator.obj
c:\users\gerald\documents\visual studio 2017\projects\copyglproject\bin\intermediates\win32\debug\src\platform\unix\unixchangecoutcolor.obj
c:\users\gerald\documents\visual studio 2017\projects\copyglproject\bin\intermediates\win32\debug\src\platform\windows\winchangecoutcolor.obj
c:\users\gerald\documents\visual studio 2017\projects\copyglproject\bin\intermediates\win32\debug\src\policys\abstractrangebased.obj
c:\users\gerald\documents\visual studio 2017\projects\copyglproject\bin\intermediates\win32\debug\src\policys\defaults.obj
c:\users\gerald\documents\visual studio 2017\projects\copyglproject\bin\intermediates\win32\debug\src\utils\date.obj
c:\users\gerald\documents\visual studio 2017\projects\copyglproject\bin\intermediates\win32\debug\src\utils\logger.obj
c:\users\gerald\documents\visual studio 2017\projects\copyglproject\bin\intermediates\win32\debug\src\utils\file\fileopenmode.obj
c:\users\gerald\documents\visual studio 2017\projects\copyglproject\bin\intermediates\win32\debug\src\utils\file\filestream.obj
c:\users\gerald\documents\visual studio 2017\projects\copyglproject\bin\intermediates\win32\debug\src\utils\file\getfilefrompath.obj
c:\users\gerald\documents\visual studio 2017\projects\copyglproject\bin\intermediates\win32\debug\src\utils\file\readalllines.obj
d:\visual studio 2017\projects\copyglproject\bin\intermediates\win32\debug\vc141.pdb
d:\visual studio 2017\projects\copyglproject\bin\intermediates\win32\debug\vc141.idb
d:\visual studio 2017\projects\copyglproject\bin\intermediates\win32\debug\src\gpuapi\gl\glcontext.obj
d:\visual studio 2017\projects\copyglproject\bin\intermediates\win32\debug\src\gpuapi\gl\glindexbuffer.obj
d:\visual studio 2017\projects\copyglproject\bin\intermediates\win32\debug\src\gpuapi\gl\glbuffer.obj
d:\visual studio 2017\projects\copyglproject\bin\intermediates\win32\debug\src\gpuapi\gl\glpipeline.obj
d:\visual studio 2017\projects\copyglproject\bin\intermediates\win32\debug\src\gpuapi\gl\glpipelinelayout.obj
d:\visual studio 2017\projects\copyglproject\bin\intermediates\win32\debug\src\gpuapi\gl\glvertexbuffer.obj
d:\visual studio 2017\projects\copyglproject\bin\intermediates\win32\debug\src\application.obj
d:\visual studio 2017\projects\copyglproject\bin\intermediates\win32\debug\src\main.obj
d:\visual studio 2017\projects\copyglproject\bin\intermediates\win32\debug\src\datastructures\detail\string\cstringhelper.obj
d:\visual studio 2017\projects\copyglproject\bin\intermediates\win32\debug\src\datastructures\detail\string\string.obj
d:\visual studio 2017\projects\copyglproject\bin\intermediates\win32\debug\src\datastructures\detail\string\stringctor.obj
d:\visual studio 2017\projects\copyglproject\bin\intermediates\win32\debug\src\datastructures\detail\string\stringformatvararg.obj
d:\visual studio 2017\projects\copyglproject\bin\intermediates\win32\debug\src\datastructures\detail\string\stringmember.obj
d:\visual studio 2017\projects\copyglproject\bin\intermediates\win32\debug\src\datastructures\detail\string\stringvarargmaxlen.obj
d:\visual studio 2017\projects\copyglproject\bin\intermediates\win32\debug\src\datastructures\detail\string\stringvarargwrapper.obj
d:\visual studio 2017\projects\copyglproject\bin\intermediates\win32\debug\src\datastructures\detail\list\objectcontainer.obj
d:\visual studio 2017\projects\copyglproject\bin\intermediates\win32\debug\src\gpuapi\gl\glshader.obj
d:\visual studio 2017\projects\copyglproject\bin\intermediates\win32\debug\src\gpuapi\buffer.obj
d:\visual studio 2017\projects\copyglproject\bin\intermediates\win32\debug\src\gpuapi\vertexattribute.obj
d:\visual studio 2017\projects\copyglproject\bin\intermediates\win32\debug\src\gpuapi\graphicobjectfactory.obj
d:\visual studio 2017\projects\copyglproject\bin\intermediates\win32\debug\src\gpuapi\pipelinemanager.obj
d:\visual studio 2017\projects\copyglproject\bin\intermediates\win32\debug\src\input\keyboard.obj
d:\visual studio 2017\projects\copyglproject\bin\intermediates\win32\debug\src\input\mouse.obj
d:\visual studio 2017\projects\copyglproject\bin\intermediates\win32\debug\src\input\window.obj
d:\visual studio 2017\projects\copyglproject\bin\intermediates\win32\debug\src\math\mathconst.obj
d:\visual studio 2017\projects\copyglproject\bin\intermediates\win32\debug\src\memory\memoryallocator.obj
d:\visual studio 2017\projects\copyglproject\bin\intermediates\win32\debug\src\platform\unix\unixchangecoutcolor.obj
d:\visual studio 2017\projects\copyglproject\bin\intermediates\win32\debug\src\platform\windows\winchangecoutcolor.obj
d:\visual studio 2017\projects\copyglproject\bin\intermediates\win32\debug\src\policys\abstractrangebased.obj
d:\visual studio 2017\projects\copyglproject\bin\intermediates\win32\debug\src\policys\defaults.obj
d:\visual studio 2017\projects\copyglproject\bin\intermediates\win32\debug\src\utils\date.obj
d:\visual studio 2017\projects\copyglproject\bin\intermediates\win32\debug\src\utils\logger.obj
d:\visual studio 2017\projects\copyglproject\bin\intermediates\win32\debug\src\utils\file\fileopenmode.obj
d:\visual studio 2017\projects\copyglproject\bin\intermediates\win32\debug\src\utils\file\filestream.obj
d:\visual studio 2017\projects\copyglproject\bin\intermediates\win32\debug\src\utils\file\getfilefrompath.obj
d:\visual studio 2017\projects\copyglproject\bin\intermediates\win32\debug\src\utils\file\readalllines.obj
c:\users\gerald\documents\visual studio 2017\projects\copyglproject\bin\win32\debug)\copyglproject.exe
c:\users\gerald\documents\visual studio 2017\projects\copyglproject\bin\win32\debug)\copyglproject.ilk
c:\users\gerald\documents\visual studio 2017\projects\copyglproject\bin\win32\debug)\copyglproject.pdb
d:\visual studio 2017\projects\copyglproject\bin\intermediates\win32\debug\copyglproject.tlog\cl.command.1.tlog
d:\visual studio 2017\projects\copyglproject\bin\intermediates\win32\debug\copyglproject.tlog\cl.read.1.tlog
d:\visual studio 2017\projects\copyglproject\bin\intermediates\win32\debug\copyglproject.tlog\cl.write.1.tlog
d:\visual studio 2017\projects\copyglproject\bin\intermediates\win32\debug\copyglproject.tlog\link-cvtres.read.1.tlog
d:\visual studio 2017\projects\copyglproject\bin\intermediates\win32\debug\copyglproject.tlog\link-cvtres.write.1.tlog
d:\visual studio 2017\projects\copyglproject\bin\intermediates\win32\debug\copyglproject.tlog\link-rc.read.1.tlog
d:\visual studio 2017\projects\copyglproject\bin\intermediates\win32\debug\copyglproject.tlog\link-rc.write.1.tlog
d:\visual studio 2017\projects\copyglproject\bin\intermediates\win32\debug\copyglproject.tlog\link.command.1.tlog
d:\visual studio 2017\projects\copyglproject\bin\intermediates\win32\debug\copyglproject.tlog\link.read.1.tlog
d:\visual studio 2017\projects\copyglproject\bin\intermediates\win32\debug\copyglproject.tlog\link.write.1.tlog
